android/app/build/intermediates/manifest_merge_blame_file/debug/manifest-merger-blame-debug-report.txt
1<?xml version="1.0" encoding="utf-8"?>
2<manifest xmlns:android="http://schemas.android.com/apk/res/android"
3    package="com.googlemaptask"
4    android:versionCode="1"
5    android:versionName="1.0" >
6
7    <uses-sdk
8        android:minSdkVersion="21"
9        android:targetSdkVersion="31" />
10
11    <uses-permission android:name="android.permission.SYSTEM_ALERT_WINDOW" />
11-->src/debug/AndroidManifest.xml:5:5-77
11-->src/debug/AndroidManifest.xml:5:22-75
12    <uses-permission android:name="android.permission.INTERNET" />
12-->src/main/AndroidManifest.xml:4:5-67
12-->src/main/AndroidManifest.xml:4:22-64
13    <uses-permission android:name="android.permission.ACCESS_FINE_LOCATION" />
13-->src/main/AndroidManifest.xml:5:5-78
13-->src/main/AndroidManifest.xml:5:22-76
14    <uses-permission android:name="android.permission.VIBRATE" />
14-->src/main/AndroidManifest.xml:6:5-66
14-->src/main/AndroidManifest.xml:6:22-63
15    <uses-permission android:name="android.permission.RECEIVE_BOOT_COMPLETED" />
15-->src/main/AndroidManifest.xml:7:5-80
15-->src/main/AndroidManifest.xml:7:22-78
16    <uses-permission android:name="android.permission.ACCESS_WIFI_STATE" />
16-->[com.facebook.flipper:flipper:0.125.0] AndroidManifest.xml:16:5-76
16-->[com.facebook.flipper:flipper:0.125.0] AndroidManifest.xml:16:22-73
17    <uses-permission android:name="android.permission.WAKE_LOCK" />
17-->[:@react-native-firebase_messaging] AndroidManifest.xml:10:5-68
17-->[:@react-native-firebase_messaging] AndroidManifest.xml:10:22-65
18    <uses-permission android:name="android.permission.ACCESS_NETWORK_STATE" />
18-->[:@react-native-firebase_messaging] AndroidManifest.xml:11:5-79
18-->[:@react-native-firebase_messaging] AndroidManifest.xml:11:22-76
19    <uses-permission android:name="android.permission.POST_NOTIFICATIONS" /> <!-- Required by older versions of Google Play services to create IID tokens -->
19-->[com.google.firebase:firebase-messaging:23.0.7] AndroidManifest.xml:26:5-77
19-->[com.google.firebase:firebase-messaging:23.0.7] AndroidManifest.xml:26:22-74
20    <uses-permission android:name="com.google.android.c2dm.permission.RECEIVE" />
20-->[com.google.firebase:firebase-messaging:23.0.7] AndroidManifest.xml:29:5-82
20-->[com.google.firebase:firebase-messaging:23.0.7] AndroidManifest.xml:29:22-79
21    <uses-permission android:name="com.google.android.gms.permission.AD_ID" />
21-->[com.google.android.gms:play-services-measurement-api:21.1.0] AndroidManifest.xml:25:5-79
21-->[com.google.android.gms:play-services-measurement-api:21.1.0] AndroidManifest.xml:25:22-76
22    <uses-permission android:name="android.permission.FOREGROUND_SERVICE" />
22-->[androidx.work:work-runtime:2.7.1] AndroidManifest.xml:28:5-77
22-->[androidx.work:work-runtime:2.7.1] AndroidManifest.xml:28:22-74
23
24    <uses-feature
24-->[com.google.android.gms:play-services-maps:18.0.2] AndroidManifest.xml:26:5-28:35
25        android:glEsVersion="0x00020000"
25-->[com.google.android.gms:play-services-maps:18.0.2] AndroidManifest.xml:27:9-41
26        android:required="true" />
26-->[com.google.android.gms:play-services-maps:18.0.2] AndroidManifest.xml:28:9-32
27
28    <queries>
28-->[com.google.android.gms:play-services-maps:18.0.2] AndroidManifest.xml:30:5-34:15
29
30        <!-- Needs to be explicitly declared on Android R+ -->
31        <package android:name="com.google.android.apps.maps" />
31-->[com.google.android.gms:play-services-maps:18.0.2] AndroidManifest.xml:33:9-64
31-->[com.google.android.gms:play-services-maps:18.0.2] AndroidManifest.xml:33:18-61
32    </queries>
33
34    <uses-permission android:name="com.google.android.finsky.permission.BIND_GET_INSTALL_REFERRER_SERVICE" /> <!-- for android -->
34-->[com.google.android.gms:play-services-measurement:21.1.0] AndroidManifest.xml:26:5-110
34-->[com.google.android.gms:play-services-measurement:21.1.0] AndroidManifest.xml:26:22-107
35    <!-- <uses-permission android:name="com.android.launcher.permission.READ_SETTINGS"/> -->
36    <!-- <uses-permission android:name="com.android.launcher.permission.WRITE_SETTINGS"/> -->
37    <!-- <uses-permission android:name="com.android.launcher.permission.INSTALL_SHORTCUT" /> -->
38    <!-- <uses-permission android:name="com.android.launcher.permission.UNINSTALL_SHORTCUT" /> -->
39    <!-- for Samsung -->
40    <uses-permission android:name="com.sec.android.provider.badge.permission.READ" />
40-->[me.leolin:ShortcutBadger:1.1.22] AndroidManifest.xml:19:5-86
40-->[me.leolin:ShortcutBadger:1.1.22] AndroidManifest.xml:19:22-83
41    <uses-permission android:name="com.sec.android.provider.badge.permission.WRITE" /> <!-- for htc -->
41-->[me.leolin:ShortcutBadger:1.1.22] AndroidManifest.xml:20:5-87
41-->[me.leolin:ShortcutBadger:1.1.22] AndroidManifest.xml:20:22-84
42    <uses-permission android:name="com.htc.launcher.permission.READ_SETTINGS" />
42-->[me.leolin:ShortcutBadger:1.1.22] AndroidManifest.xml:23:5-81
42-->[me.leolin:ShortcutBadger:1.1.22] AndroidManifest.xml:23:22-78
43    <uses-permission android:name="com.htc.launcher.permission.UPDATE_SHORTCUT" /> <!-- for sony -->
43-->[me.leolin:ShortcutBadger:1.1.22] AndroidManifest.xml:24:5-83
43-->[me.leolin:ShortcutBadger:1.1.22] AndroidManifest.xml:24:22-80
44    <uses-permission android:name="com.sonyericsson.home.permission.BROADCAST_BADGE" />
44-->[me.leolin:ShortcutBadger:1.1.22] AndroidManifest.xml:27:5-88
44-->[me.leolin:ShortcutBadger:1.1.22] AndroidManifest.xml:27:22-85
45    <uses-permission android:name="com.sonymobile.home.permission.PROVIDER_INSERT_BADGE" /> <!-- for apex -->
45-->[me.leolin:ShortcutBadger:1.1.22] AndroidManifest.xml:28:5-92
45-->[me.leolin:ShortcutBadger:1.1.22] AndroidManifest.xml:28:22-89
46    <uses-permission android:name="com.anddoes.launcher.permission.UPDATE_COUNT" /> <!-- for solid -->
46-->[me.leolin:ShortcutBadger:1.1.22] AndroidManifest.xml:31:5-84
46-->[me.leolin:ShortcutBadger:1.1.22] AndroidManifest.xml:31:22-81
47    <uses-permission android:name="com.majeur.launcher.permission.UPDATE_BADGE" /> <!-- for huawei -->
47-->[me.leolin:ShortcutBadger:1.1.22] AndroidManifest.xml:34:5-83
47-->[me.leolin:ShortcutBadger:1.1.22] AndroidManifest.xml:34:22-80
48    <uses-permission android:name="com.huawei.android.launcher.permission.CHANGE_BADGE" />
48-->[me.leolin:ShortcutBadger:1.1.22] AndroidManifest.xml:37:5-91
48-->[me.leolin:ShortcutBadger:1.1.22] AndroidManifest.xml:37:22-88
49    <uses-permission android:name="com.huawei.android.launcher.permission.READ_SETTINGS" />
49-->[me.leolin:ShortcutBadger:1.1.22] AndroidManifest.xml:38:5-92
49-->[me.leolin:ShortcutBadger:1.1.22] AndroidManifest.xml:38:22-89
50    <uses-permission android:name="com.huawei.android.launcher.permission.WRITE_SETTINGS" /> <!-- for ZUK -->
50-->[me.leolin:ShortcutBadger:1.1.22] AndroidManifest.xml:39:5-93
50-->[me.leolin:ShortcutBadger:1.1.22] AndroidManifest.xml:39:22-90
51    <uses-permission android:name="android.permission.READ_APP_BADGE" /> <!-- for OPPO -->
51-->[me.leolin:ShortcutBadger:1.1.22] AndroidManifest.xml:42:5-73
51-->[me.leolin:ShortcutBadger:1.1.22] AndroidManifest.xml:42:22-70
52    <uses-permission android:name="com.oppo.launcher.permission.READ_SETTINGS" />
52-->[me.leolin:ShortcutBadger:1.1.22] AndroidManifest.xml:45:5-82
52-->[me.leolin:ShortcutBadger:1.1.22] AndroidManifest.xml:45:22-79
53    <uses-permission android:name="com.oppo.launcher.permission.WRITE_SETTINGS" /> <!-- for EvMe -->
53-->[me.leolin:ShortcutBadger:1.1.22] AndroidManifest.xml:46:5-83
53-->[me.leolin:ShortcutBadger:1.1.22] AndroidManifest.xml:46:22-80
54    <uses-permission android:name="me.everything.badger.permission.BADGE_COUNT_READ" />
54-->[me.leolin:ShortcutBadger:1.1.22] AndroidManifest.xml:49:5-88
54-->[me.leolin:ShortcutBadger:1.1.22] AndroidManifest.xml:49:22-85
55    <uses-permission android:name="me.everything.badger.permission.BADGE_COUNT_WRITE" />
55-->[me.leolin:ShortcutBadger:1.1.22] AndroidManifest.xml:50:5-89
55-->[me.leolin:ShortcutBadger:1.1.22] AndroidManifest.xml:50:22-86
56
57    <application
57-->src/main/AndroidManifest.xml:9:5-55:19
58        android:name="com.googlemaptask.MainApplication"
58-->src/main/AndroidManifest.xml:10:7-38
59        android:allowBackup="false"
59-->src/main/AndroidManifest.xml:14:7-34
60        android:appComponentFactory="androidx.core.app.CoreComponentFactory"
60-->[androidx.core:core:1.7.0] AndroidManifest.xml:24:18-86
61        android:debuggable="true"
62        android:icon="@mipmap/ic_launcher"
62-->src/main/AndroidManifest.xml:12:7-41
63        android:label="@string/app_name"
63-->src/main/AndroidManifest.xml:11:7-39
64        android:roundIcon="@mipmap/ic_launcher_round"
64-->src/main/AndroidManifest.xml:13:7-52
65        android:theme="@style/AppTheme"
65-->src/main/AndroidManifest.xml:15:7-38
66        android:usesCleartextTraffic="true" >
66-->src/debug/AndroidManifest.xml:8:9-44
67        <activity
67-->src/debug/AndroidManifest.xml:11:9-111
68            android:name="com.facebook.react.devsupport.DevSettingsActivity"
68-->src/debug/AndroidManifest.xml:11:19-83
69            android:exported="false" />
69-->src/debug/AndroidManifest.xml:11:84-108
70
71        <meta-data
71-->src/main/AndroidManifest.xml:16:7-18:63
72            android:name="com.google.android.geo.API_KEY"
72-->src/main/AndroidManifest.xml:17:6-51
73            android:value="AIzaSyA8xhearvC4kgkEvzmrtQyz28DHxwP6EjA" />
73-->src/main/AndroidManifest.xml:18:6-61
74
75        <activity
75-->src/main/AndroidManifest.xml:19:7-30:18
76            android:name="com.googlemaptask.MainActivity"
76-->src/main/AndroidManifest.xml:20:9-37
77            android:configChanges="keyboard|keyboardHidden|orientation|screenLayout|screenSize|smallestScreenSize|uiMode"
77-->src/main/AndroidManifest.xml:22:9-118
78            android:exported="true"
78-->src/main/AndroidManifest.xml:25:9-32
79            android:label="@string/app_name"
79-->src/main/AndroidManifest.xml:21:9-41
80            android:launchMode="singleTask"
80-->src/main/AndroidManifest.xml:23:9-40
81            android:windowSoftInputMode="adjustResize" >
81-->src/main/AndroidManifest.xml:24:9-51
82            <intent-filter>
82-->src/main/AndroidManifest.xml:26:9-29:25
83                <action android:name="android.intent.action.MAIN" />
83-->src/main/AndroidManifest.xml:27:13-65
83-->src/main/AndroidManifest.xml:27:21-62
84
85                <category android:name="android.intent.category.LAUNCHER" />
85-->src/main/AndroidManifest.xml:28:13-73
85-->src/main/AndroidManifest.xml:28:23-70
86            </intent-filter>
87        </activity>
88
89        <service
89-->[:@react-native-firebase_messaging] AndroidManifest.xml:14:9-16:40
90            android:name="io.invertase.firebase.messaging.ReactNativeFirebaseMessagingHeadlessService"
90-->[:@react-native-firebase_messaging] AndroidManifest.xml:15:13-103
91            android:exported="false" />
91-->[:@react-native-firebase_messaging] AndroidManifest.xml:16:13-37
92        <service
92-->[:@react-native-firebase_messaging] AndroidManifest.xml:17:9-23:19
93            android:name="io.invertase.firebase.messaging.ReactNativeFirebaseMessagingService"
93-->[:@react-native-firebase_messaging] AndroidManifest.xml:18:13-95
94            android:exported="false" >
94-->[:@react-native-firebase_messaging] AndroidManifest.xml:19:13-37
95            <intent-filter>
95-->[:@react-native-firebase_messaging] AndroidManifest.xml:20:13-22:29
96                <action android:name="com.google.firebase.MESSAGING_EVENT" />
96-->[:@react-native-firebase_messaging] AndroidManifest.xml:21:17-78
96-->[:@react-native-firebase_messaging] AndroidManifest.xml:21:25-75
97            </intent-filter>
98        </service>
99
100        <receiver
100-->[:@react-native-firebase_messaging] AndroidManifest.xml:25:9-32:20
101            android:name="io.invertase.firebase.messaging.ReactNativeFirebaseMessagingReceiver"
101-->[:@react-native-firebase_messaging] AndroidManifest.xml:26:13-96
102            android:exported="true"
102-->[:@react-native-firebase_messaging] AndroidManifest.xml:27:13-36
103            android:permission="com.google.android.c2dm.permission.SEND" >
103-->[:@react-native-firebase_messaging] AndroidManifest.xml:28:13-73
104            <intent-filter>
104-->[:@react-native-firebase_messaging] AndroidManifest.xml:29:13-31:29
105                <action android:name="com.google.android.c2dm.intent.RECEIVE" />
105-->[:@react-native-firebase_messaging] AndroidManifest.xml:30:17-81
105-->[:@react-native-firebase_messaging] AndroidManifest.xml:30:25-78
106            </intent-filter>
107        </receiver>
108
109        <meta-data
109-->[:@react-native-firebase_messaging] AndroidManifest.xml:34:9-36:36
110            android:name="firebase_messaging_auto_init_enabled"
110-->[:@react-native-firebase_messaging] AndroidManifest.xml:35:13-64
111            android:value="true" />
111-->[:@react-native-firebase_messaging] AndroidManifest.xml:36:13-33
112        <meta-data
112-->[:@react-native-firebase_messaging] AndroidManifest.xml:37:9-39:32
113            android:name="com.google.firebase.messaging.default_notification_channel_id"
113-->[:@react-native-firebase_messaging] AndroidManifest.xml:38:13-89
114            android:value="" />
114-->[:@react-native-firebase_messaging] AndroidManifest.xml:39:13-29
115        <meta-data
115-->[:@react-native-firebase_messaging] AndroidManifest.xml:40:9-42:47
116            android:name="com.google.firebase.messaging.default_notification_color"
116-->[:@react-native-firebase_messaging] AndroidManifest.xml:41:13-84
117            android:resource="@color/white" />
117-->[:@react-native-firebase_messaging] AndroidManifest.xml:42:13-44
118        <meta-data
118-->[:react-native-firebase_app] AndroidManifest.xml:11:9-13:36
119            android:name="app_data_collection_default_enabled"
119-->[:react-native-firebase_app] AndroidManifest.xml:12:13-63
120            android:value="true" />
120-->[:react-native-firebase_app] AndroidManifest.xml:13:13-33
121
122        <service
122-->[:react-native-firebase_app] AndroidManifest.xml:15:9-23:19
123            android:name="com.google.firebase.components.ComponentDiscoveryService"
123-->[:react-native-firebase_app] AndroidManifest.xml:16:13-84
124            android:directBootAware="true"
124-->[:react-native-firebase_app] AndroidManifest.xml:17:13-43
125            android:exported="false" >
125-->[:react-native-firebase_app] AndroidManifest.xml:18:13-37
126            <meta-data
126-->[:react-native-firebase_app] AndroidManifest.xml:20:13-22:85
127                android:name="com.google.firebase.components:io.invertase.firebase.app.ReactNativeFirebaseAppRegistrar"
127-->[:react-native-firebase_app] AndroidManifest.xml:21:17-120
128                android:value="com.google.firebase.components.ComponentRegistrar" />
128-->[:react-native-firebase_app] AndroidManifest.xml:22:17-82
129            <meta-data
129-->[com.google.firebase:firebase-messaging:23.0.7] AndroidManifest.xml:56:13-58:85
130                android:name="com.google.firebase.components:com.google.firebase.messaging.FirebaseMessagingRegistrar"
130-->[com.google.firebase:firebase-messaging:23.0.7] AndroidManifest.xml:57:17-119
131                android:value="com.google.firebase.components.ComponentRegistrar" />
131-->[com.google.firebase:firebase-messaging:23.0.7] AndroidManifest.xml:58:17-82
132            <meta-data
132-->[com.google.firebase:firebase-datatransport:18.1.5] AndroidManifest.xml:28:13-30:85
133                android:name="com.google.firebase.components:com.google.firebase.datatransport.TransportRegistrar"
133-->[com.google.firebase:firebase-datatransport:18.1.5] AndroidManifest.xml:29:17-115
134                android:value="com.google.firebase.components.ComponentRegistrar" />
134-->[com.google.firebase:firebase-datatransport:18.1.5] AndroidManifest.xml:30:17-82
135            <meta-data
135-->[com.google.firebase:firebase-auth:21.0.7] AndroidManifest.xml:67:13-69:85
136                android:name="com.google.firebase.components:com.google.firebase.auth.FirebaseAuthRegistrar"
136-->[com.google.firebase:firebase-auth:21.0.7] AndroidManifest.xml:68:17-109
137                android:value="com.google.firebase.components.ComponentRegistrar" />
137-->[com.google.firebase:firebase-auth:21.0.7] AndroidManifest.xml:69:17-82
138            <meta-data
138-->[com.google.android.gms:play-services-measurement-api:21.1.0] AndroidManifest.xml:31:13-33:85
139                android:name="com.google.firebase.components:com.google.firebase.analytics.connector.internal.AnalyticsConnectorRegistrar"
139-->[com.google.android.gms:play-services-measurement-api:21.1.0] AndroidManifest.xml:32:17-139
140                android:value="com.google.firebase.components.ComponentRegistrar" />
140-->[com.google.android.gms:play-services-measurement-api:21.1.0] AndroidManifest.xml:33:17-82
141            <meta-data
141-->[com.google.firebase:firebase-installations:17.0.1] AndroidManifest.xml:18:13-20:85
142                android:name="com.google.firebase.components:com.google.firebase.installations.FirebaseInstallationsRegistrar"
142-->[com.google.firebase:firebase-installations:17.0.1] AndroidManifest.xml:19:17-127
143                android:value="com.google.firebase.components.ComponentRegistrar" />
143-->[com.google.firebase:firebase-installations:17.0.1] AndroidManifest.xml:20:17-82
144        </service>
145
146        <provider
146-->[:react-native-firebase_app] AndroidManifest.xml:25:9-29:38
147            android:name="io.invertase.firebase.app.ReactNativeFirebaseAppInitProvider"
147-->[:react-native-firebase_app] AndroidManifest.xml:26:13-88
148            android:authorities="com.googlemaptask.reactnativefirebaseappinitprovider"
148-->[:react-native-firebase_app] AndroidManifest.xml:27:13-86
149            android:exported="false"
149-->[:react-native-firebase_app] AndroidManifest.xml:28:13-37
150            android:initOrder="99" />
150-->[:react-native-firebase_app] AndroidManifest.xml:29:13-35
151
152        <receiver
152-->[com.google.firebase:firebase-messaging:23.0.7] AndroidManifest.xml:32:9-39:20
153            android:name="com.google.firebase.iid.FirebaseInstanceIdReceiver"
153-->[com.google.firebase:firebase-messaging:23.0.7] AndroidManifest.xml:33:13-78
154            android:exported="true"
154-->[com.google.firebase:firebase-messaging:23.0.7] AndroidManifest.xml:34:13-36
155            android:permission="com.google.android.c2dm.permission.SEND" >
155-->[com.google.firebase:firebase-messaging:23.0.7] AndroidManifest.xml:35:13-73
156            <intent-filter>
156-->[:@react-native-firebase_messaging] AndroidManifest.xml:29:13-31:29
157                <action android:name="com.google.android.c2dm.intent.RECEIVE" />
157-->[:@react-native-firebase_messaging] AndroidManifest.xml:30:17-81
157-->[:@react-native-firebase_messaging] AndroidManifest.xml:30:25-78
158            </intent-filter>
159        </receiver>
160        <!--
161             FirebaseMessagingService performs security checks at runtime,
162             but set to not exported to explicitly avoid allowing another app to call it.
163        -->
164        <service
164-->[com.google.firebase:firebase-messaging:23.0.7] AndroidManifest.xml:45:9-52:19
165            android:name="com.google.firebase.messaging.FirebaseMessagingService"
165-->[com.google.firebase:firebase-messaging:23.0.7] AndroidManifest.xml:46:13-82
166            android:directBootAware="true"
166-->[com.google.firebase:firebase-messaging:23.0.7] AndroidManifest.xml:47:13-43
167            android:exported="false" >
167-->[com.google.firebase:firebase-messaging:23.0.7] AndroidManifest.xml:48:13-37
168            <intent-filter android:priority="-500" >
168-->[:@react-native-firebase_messaging] AndroidManifest.xml:20:13-22:29
169                <action android:name="com.google.firebase.MESSAGING_EVENT" />
169-->[:@react-native-firebase_messaging] AndroidManifest.xml:21:17-78
169-->[:@react-native-firebase_messaging] AndroidManifest.xml:21:25-75
170            </intent-filter>
171        </service>
172        <service
172-->[com.google.android.datatransport:transport-backend-cct:3.1.6] AndroidManifest.xml:29:9-35:19
173            android:name="com.google.android.datatransport.runtime.backends.TransportBackendDiscovery"
173-->[com.google.android.datatransport:transport-backend-cct:3.1.6] AndroidManifest.xml:30:13-103
174            android:exported="false" >
174-->[com.google.android.datatransport:transport-backend-cct:3.1.6] AndroidManifest.xml:31:13-37
175            <meta-data
175-->[com.google.android.datatransport:transport-backend-cct:3.1.6] AndroidManifest.xml:32:13-34:39
176                android:name="backend:com.google.android.datatransport.cct.CctBackendFactory"
176-->[com.google.android.datatransport:transport-backend-cct:3.1.6] AndroidManifest.xml:33:17-94
177                android:value="cct" />
177-->[com.google.android.datatransport:transport-backend-cct:3.1.6] AndroidManifest.xml:34:17-36
178        </service>
179        <service
179-->[com.google.android.datatransport:transport-runtime:3.1.6] AndroidManifest.xml:26:9-30:19
180            android:name="com.google.android.datatransport.runtime.scheduling.jobscheduling.JobInfoSchedulerService"
180-->[com.google.android.datatransport:transport-runtime:3.1.6] AndroidManifest.xml:27:13-117
181            android:exported="false"
181-->[com.google.android.datatransport:transport-runtime:3.1.6] AndroidManifest.xml:28:13-37
182            android:permission="android.permission.BIND_JOB_SERVICE" >
182-->[com.google.android.datatransport:transport-runtime:3.1.6] AndroidManifest.xml:29:13-69
183        </service>
184
185        <receiver
185-->[com.google.android.datatransport:transport-runtime:3.1.6] AndroidManifest.xml:32:9-34:40
186            android:name="com.google.android.datatransport.runtime.scheduling.jobscheduling.AlarmManagerSchedulerBroadcastReceiver"
186-->[com.google.android.datatransport:transport-runtime:3.1.6] AndroidManifest.xml:33:13-132
187            android:exported="false" />
187-->[com.google.android.datatransport:transport-runtime:3.1.6] AndroidManifest.xml:34:13-37
188
189        <activity
189-->[com.google.firebase:firebase-auth:21.0.7] AndroidManifest.xml:27:9-44:20
190            android:name="com.google.firebase.auth.internal.GenericIdpActivity"
190-->[com.google.firebase:firebase-auth:21.0.7] AndroidManifest.xml:28:13-80
191            android:excludeFromRecents="true"
191-->[com.google.firebase:firebase-auth:21.0.7] AndroidManifest.xml:29:13-46
192            android:exported="true"
192-->[com.google.firebase:firebase-auth:21.0.7] AndroidManifest.xml:30:13-36
193            android:launchMode="singleTask"
193-->[com.google.firebase:firebase-auth:21.0.7] AndroidManifest.xml:31:13-44
194            android:theme="@android:style/Theme.Translucent.NoTitleBar" >
194-->[com.google.firebase:firebase-auth:21.0.7] AndroidManifest.xml:32:13-72
195            <intent-filter>
195-->[com.google.firebase:firebase-auth:21.0.7] AndroidManifest.xml:33:13-43:29
196                <action android:name="android.intent.action.VIEW" />
196-->[com.google.firebase:firebase-auth:21.0.7] AndroidManifest.xml:34:17-69
196-->[com.google.firebase:firebase-auth:21.0.7] AndroidManifest.xml:34:25-66
197
198                <category android:name="android.intent.category.DEFAULT" />
198-->[com.google.firebase:firebase-auth:21.0.7] AndroidManifest.xml:36:17-76
198-->[com.google.firebase:firebase-auth:21.0.7] AndroidManifest.xml:36:27-73
199                <category android:name="android.intent.category.BROWSABLE" />
199-->[com.google.firebase:firebase-auth:21.0.7] AndroidManifest.xml:37:17-78
199-->[com.google.firebase:firebase-auth:21.0.7] AndroidManifest.xml:37:27-75
200
201                <data
201-->[com.google.firebase:firebase-auth:21.0.7] AndroidManifest.xml:39:17-42:51
202                    android:host="firebase.auth"
202-->[com.google.firebase:firebase-auth:21.0.7] AndroidManifest.xml:40:21-49
203                    android:path="/"
203-->[com.google.firebase:firebase-auth:21.0.7] AndroidManifest.xml:41:21-37
204                    android:scheme="genericidp" />
204-->[com.google.firebase:firebase-auth:21.0.7] AndroidManifest.xml:42:21-48
205            </intent-filter>
206        </activity>
207        <activity
207-->[com.google.firebase:firebase-auth:21.0.7] AndroidManifest.xml:45:9-62:20
208            android:name="com.google.firebase.auth.internal.RecaptchaActivity"
208-->[com.google.firebase:firebase-auth:21.0.7] AndroidManifest.xml:46:13-79
209            android:excludeFromRecents="true"
209-->[com.google.firebase:firebase-auth:21.0.7] AndroidManifest.xml:47:13-46
210            android:exported="true"
210-->[com.google.firebase:firebase-auth:21.0.7] AndroidManifest.xml:48:13-36
211            android:launchMode="singleTask"
211-->[com.google.firebase:firebase-auth:21.0.7] AndroidManifest.xml:49:13-44
212            android:theme="@android:style/Theme.Translucent.NoTitleBar" >
212-->[com.google.firebase:firebase-auth:21.0.7] AndroidManifest.xml:50:13-72
213            <intent-filter>
213-->[com.google.firebase:firebase-auth:21.0.7] AndroidManifest.xml:51:13-61:29
214                <action android:name="android.intent.action.VIEW" />
214-->[com.google.firebase:firebase-auth:21.0.7] AndroidManifest.xml:34:17-69
214-->[com.google.firebase:firebase-auth:21.0.7] AndroidManifest.xml:34:25-66
215
216                <category android:name="android.intent.category.DEFAULT" />
216-->[com.google.firebase:firebase-auth:21.0.7] AndroidManifest.xml:36:17-76
216-->[com.google.firebase:firebase-auth:21.0.7] AndroidManifest.xml:36:27-73
217                <category android:name="android.intent.category.BROWSABLE" />
217-->[com.google.firebase:firebase-auth:21.0.7] AndroidManifest.xml:37:17-78
217-->[com.google.firebase:firebase-auth:21.0.7] AndroidManifest.xml:37:27-75
218
219                <data
219-->[com.google.firebase:firebase-auth:21.0.7] AndroidManifest.xml:39:17-42:51
220                    android:host="firebase.auth"
220-->[com.google.firebase:firebase-auth:21.0.7] AndroidManifest.xml:40:21-49
221                    android:path="/"
221-->[com.google.firebase:firebase-auth:21.0.7] AndroidManifest.xml:41:21-37
222                    android:scheme="recaptcha" />
222-->[com.google.firebase:firebase-auth:21.0.7] AndroidManifest.xml:42:21-48
223            </intent-filter>
224        </activity>
225
226        <provider
226-->[com.google.firebase:firebase-common:20.1.1] AndroidManifest.xml:26:9-31:39
227            android:name="com.google.firebase.provider.FirebaseInitProvider"
227-->[com.google.firebase:firebase-common:20.1.1] AndroidManifest.xml:27:13-77
228            android:authorities="com.googlemaptask.firebaseinitprovider"
228-->[com.google.firebase:firebase-common:20.1.1] AndroidManifest.xml:28:13-72
229            android:directBootAware="true"
229-->[com.google.firebase:firebase-common:20.1.1] AndroidManifest.xml:29:13-43
230            android:exported="false"
230-->[com.google.firebase:firebase-common:20.1.1] AndroidManifest.xml:30:13-37
231            android:initOrder="100" />
231-->[com.google.firebase:firebase-common:20.1.1] AndroidManifest.xml:31:13-36
232        <provider
232-->[androidx.work:work-runtime:2.7.1] AndroidManifest.xml:31:9-39:20
233            android:name="androidx.startup.InitializationProvider"
233-->[androidx.work:work-runtime:2.7.1] AndroidManifest.xml:32:13-67
234            android:authorities="com.googlemaptask.androidx-startup"
234-->[androidx.work:work-runtime:2.7.1] AndroidManifest.xml:33:13-68
235            android:exported="false" >
235-->[androidx.work:work-runtime:2.7.1] AndroidManifest.xml:34:13-37
236            <meta-data
236-->[androidx.work:work-runtime:2.7.1] AndroidManifest.xml:36:13-38:52
237                android:name="androidx.work.WorkManagerInitializer"
237-->[androidx.work:work-runtime:2.7.1] AndroidManifest.xml:37:17-68
238                android:value="androidx.startup" />
238-->[androidx.work:work-runtime:2.7.1] AndroidManifest.xml:38:17-49
239            <meta-data
239-->[androidx.emoji2:emoji2:1.0.0] AndroidManifest.xml:31:13-33:52
240                android:name="androidx.emoji2.text.EmojiCompatInitializer"
240-->[androidx.emoji2:emoji2:1.0.0] AndroidManifest.xml:32:17-75
241                android:value="androidx.startup" />
241-->[androidx.emoji2:emoji2:1.0.0] AndroidManifest.xml:33:17-49
242            <meta-data
242-->[androidx.lifecycle:lifecycle-process:2.4.0] AndroidManifest.xml:31:13-33:52
243                android:name="androidx.lifecycle.ProcessLifecycleInitializer"
243-->[androidx.lifecycle:lifecycle-process:2.4.0] AndroidManifest.xml:32:17-78
244                android:value="androidx.startup" />
244-->[androidx.lifecycle:lifecycle-process:2.4.0] AndroidManifest.xml:33:17-49
245        </provider>
246
247        <service
247-->[androidx.work:work-runtime:2.7.1] AndroidManifest.xml:41:9-46:35
248            android:name="androidx.work.impl.background.systemalarm.SystemAlarmService"
248-->[androidx.work:work-runtime:2.7.1] AndroidManifest.xml:42:13-88
249            android:directBootAware="false"
249-->[androidx.work:work-runtime:2.7.1] AndroidManifest.xml:43:13-44
250            android:enabled="@bool/enable_system_alarm_service_default"
250-->[androidx.work:work-runtime:2.7.1] AndroidManifest.xml:44:13-72
251            android:exported="false" />
251-->[androidx.work:work-runtime:2.7.1] AndroidManifest.xml:45:13-37
252        <service
252-->[androidx.work:work-runtime:2.7.1] AndroidManifest.xml:47:9-53:35
253            android:name="androidx.work.impl.background.systemjob.SystemJobService"
253-->[androidx.work:work-runtime:2.7.1] AndroidManifest.xml:48:13-84
254            android:directBootAware="false"
254-->[androidx.work:work-runtime:2.7.1] AndroidManifest.xml:49:13-44